Determining if the Q_WS_WIN exist failed with the following output:
Change Dir: /home/duan/xface-new/QFace/CMakeFiles/CMakeTmp

Run Build Command:/usr/bin/gmake "cmTryCompileExec1425024520/fast"
/usr/bin/gmake -f CMakeFiles/cmTryCompileExec1425024520.dir/build.make CMakeFiles/cmTryCompileExec1425024520.dir/build
gmake[1]: Entering directory `/home/duan/xface-new/QFace/CMakeFiles/CMakeTmp'
/usr/bin/cmake -E cmake_progress_report /home/duan/xface-new/QFace/CMakeFiles/CMakeTmp/CMakeFiles 1
Building CXX object CMakeFiles/cmTryCompileExec1425024520.dir/CheckSymbolExists.cxx.o
/usr/lib64/ccache/c++     -o CMakeFiles/cmTryCompileExec1425024520.dir/CheckSymbolExists.cxx.o -c /home/duan/xface-new/QFace/CMakeFiles/CMakeTmp/CheckSymbolExists.cxx
/home/duan/xface-new/QFace/CMakeFiles/CMakeTmp/CheckSymbolExists.cxx: In function ‘int main(int, char**)’:
/home/duan/xface-new/QFace/CMakeFiles/CMakeTmp/CheckSymbolExists.cxx:8:19: error: ‘Q_WS_WIN’ was not declared in this scope
   return ((int*)(&Q_WS_WIN))[argc];
                   ^
gmake[1]: *** [CMakeFiles/cmTryCompileExec1425024520.dir/CheckSymbolExists.cxx.o] Error 1
gmake[1]: Leaving directory `/home/duan/xface-new/QFace/CMakeFiles/CMakeTmp'
gmake: *** [cmTryCompileExec1425024520/fast] Error 2

File /home/duan/xface-new/QFace/CMakeFiles/CMakeTmp/CheckSymbolExists.cxx:
/* */
#include <QtCore/qglobal.h>

int main(int argc, char** argv)
{
  (void)argv;
#ifndef Q_WS_WIN
  return ((int*)(&Q_WS_WIN))[argc];
#else
  (void)argc;
  return 0;
#endif
}

Determining if the Q_WS_QWS exist failed with the following output:
Change Dir: /home/duan/xface-new/QFace/CMakeFiles/CMakeTmp

Run Build Command:/usr/bin/gmake "cmTryCompileExec1206350188/fast"
/usr/bin/gmake -f CMakeFiles/cmTryCompileExec1206350188.dir/build.make CMakeFiles/cmTryCompileExec1206350188.dir/build
gmake[1]: Entering directory `/home/duan/xface-new/QFace/CMakeFiles/CMakeTmp'
/usr/bin/cmake -E cmake_progress_report /home/duan/xface-new/QFace/CMakeFiles/CMakeTmp/CMakeFiles 1
Building CXX object CMakeFiles/cmTryCompileExec1206350188.dir/CheckSymbolExists.cxx.o
/usr/lib64/ccache/c++     -o CMakeFiles/cmTryCompileExec1206350188.dir/CheckSymbolExists.cxx.o -c /home/duan/xface-new/QFace/CMakeFiles/CMakeTmp/CheckSymbolExists.cxx
/home/duan/xface-new/QFace/CMakeFiles/CMakeTmp/CheckSymbolExists.cxx: In function ‘int main(int, char**)’:
/home/duan/xface-new/QFace/CMakeFiles/CMakeTmp/CheckSymbolExists.cxx:8:19: error: ‘Q_WS_QWS’ was not declared in this scope
   return ((int*)(&Q_WS_QWS))[argc];
                   ^
gmake[1]: *** [CMakeFiles/cmTryCompileExec1206350188.dir/CheckSymbolExists.cxx.o] Error 1
gmake[1]: Leaving directory `/home/duan/xface-new/QFace/CMakeFiles/CMakeTmp'
gmake: *** [cmTryCompileExec1206350188/fast] Error 2

File /home/duan/xface-new/QFace/CMakeFiles/CMakeTmp/CheckSymbolExists.cxx:
/* */
#include <QtCore/qglobal.h>

int main(int argc, char** argv)
{
  (void)argv;
#ifndef Q_WS_QWS
  return ((int*)(&Q_WS_QWS))[argc];
#else
  (void)argc;
  return 0;
#endif
}

Determining if the Q_WS_MAC exist failed with the following output:
Change Dir: /home/duan/xface-new/QFace/CMakeFiles/CMakeTmp

Run Build Command:/usr/bin/gmake "cmTryCompileExec684533251/fast"
/usr/bin/gmake -f CMakeFiles/cmTryCompileExec684533251.dir/build.make CMakeFiles/cmTryCompileExec684533251.dir/build
gmake[1]: Entering directory `/home/duan/xface-new/QFace/CMakeFiles/CMakeTmp'
/usr/bin/cmake -E cmake_progress_report /home/duan/xface-new/QFace/CMakeFiles/CMakeTmp/CMakeFiles 1
Building CXX object CMakeFiles/cmTryCompileExec684533251.dir/CheckSymbolExists.cxx.o
/usr/lib64/ccache/c++     -o CMakeFiles/cmTryCompileExec684533251.dir/CheckSymbolExists.cxx.o -c /home/duan/xface-new/QFace/CMakeFiles/CMakeTmp/CheckSymbolExists.cxx
/home/duan/xface-new/QFace/CMakeFiles/CMakeTmp/CheckSymbolExists.cxx: In function ‘int main(int, char**)’:
/home/duan/xface-new/QFace/CMakeFiles/CMakeTmp/CheckSymbolExists.cxx:8:19: error: ‘Q_WS_MAC’ was not declared in this scope
   return ((int*)(&Q_WS_MAC))[argc];
                   ^
gmake[1]: *** [CMakeFiles/cmTryCompileExec684533251.dir/CheckSymbolExists.cxx.o] Error 1
gmake[1]: Leaving directory `/home/duan/xface-new/QFace/CMakeFiles/CMakeTmp'
gmake: *** [cmTryCompileExec684533251/fast] Error 2

File /home/duan/xface-new/QFace/CMakeFiles/CMakeTmp/CheckSymbolExists.cxx:
/* */
#include <QtCore/qglobal.h>

int main(int argc, char** argv)
{
  (void)argv;
#ifndef Q_WS_MAC
  return ((int*)(&Q_WS_MAC))[argc];
#else
  (void)argc;
  return 0;
#endif
}

Determining if files pthread.h exist failed with the following output:
Change Dir: /home/duan/xface-new/QFace/CMakeFiles/CMakeTmp

Run Build Command:/usr/bin/gmake "cmTryCompileExec684533251/fast"
/usr/bin/gmake -f CMakeFiles/cmTryCompileExec684533251.dir/build.make CMakeFiles/cmTryCompileExec684533251.dir/build
gmake[1]: Entering directory `/home/duan/xface-new/QFace/CMakeFiles/CMakeTmp'
/usr/bin/cmake -E cmake_progress_report /home/duan/xface-new/QFace/CMakeFiles/CMakeTmp/CMakeFiles 1
Building CXX object CMakeFiles/cmTryCompileExec684533251.dir/CheckSymbolExists.cxx.o
/usr/lib64/ccache/c++     -o CMakeFiles/cmTryCompileExec684533251.dir/CheckSymbolExists.cxx.o -c /home/duan/xface-new/QFace/CMakeFiles/CMakeTmp/CheckSymbolExists.cxx
/home/duan/xface-new/QFace/CMakeFiles/CMakeTmp/CheckSymbolExists.cxx: In function ‘int main(int, char**)’:
/home/duan/xface-new/QFace/CMakeFiles/CMakeTmp/CheckSymbolExists.cxx:8:19: error: ‘Q_WS_MAC’ was not declared in this scope
   return ((int*)(&Q_WS_MAC))[argc];
                   ^
gmake[1]: *** [CMakeFiles/cmTryCompileExec684533251.dir/CheckSymbolExists.cxx.o] Error 1
gmake[1]: Leaving directory `/home/duan/xface-new/QFace/CMakeFiles/CMakeTmp'
gmake: *** [cmTryCompileExec684533251/fast] Error 2

Source:
/* */
#include <pthread.h>


int main(){return 0;}

Determining if the function XOpenDisplay exists in the /usr/lib64/libX11.so;/usr/lib64/libXext.so failed with the following output:
Change Dir: /home/duan/xface-new/QFace/CMakeFiles/CMakeTmp

Run Build Command:/usr/bin/gmake "cmTryCompileExec684533251/fast"
/usr/bin/gmake -f CMakeFiles/cmTryCompileExec684533251.dir/build.make CMakeFiles/cmTryCompileExec684533251.dir/build
gmake[1]: Entering directory `/home/duan/xface-new/QFace/CMakeFiles/CMakeTmp'
/usr/bin/cmake -E cmake_progress_report /home/duan/xface-new/QFace/CMakeFiles/CMakeTmp/CMakeFiles 1
Building CXX object CMakeFiles/cmTryCompileExec684533251.dir/CheckSymbolExists.cxx.o
/usr/lib64/ccache/c++     -o CMakeFiles/cmTryCompileExec684533251.dir/CheckSymbolExists.cxx.o -c /home/duan/xface-new/QFace/CMakeFiles/CMakeTmp/CheckSymbolExists.cxx
/home/duan/xface-new/QFace/CMakeFiles/CMakeTmp/CheckSymbolExists.cxx: In function ‘int main(int, char**)’:
/home/duan/xface-new/QFace/CMakeFiles/CMakeTmp/CheckSymbolExists.cxx:8:19: error: ‘Q_WS_MAC’ was not declared in this scope
   return ((int*)(&Q_WS_MAC))[argc];
                   ^
gmake[1]: *** [CMakeFiles/cmTryCompileExec684533251.dir/CheckSymbolExists.cxx.o] Error 1
gmake[1]: Leaving directory `/home/duan/xface-new/QFace/CMakeFiles/CMakeTmp'
gmake: *** [cmTryCompileExec684533251/fast] Error 2


Determining if the function dnet_ntoa exists in the dnet failed with the following output:
Change Dir: /home/duan/xface-new/QFace/CMakeFiles/CMakeTmp

Run Build Command:/usr/bin/gmake "cmTryCompileExec684533251/fast"
/usr/bin/gmake -f CMakeFiles/cmTryCompileExec684533251.dir/build.make CMakeFiles/cmTryCompileExec684533251.dir/build
gmake[1]: Entering directory `/home/duan/xface-new/QFace/CMakeFiles/CMakeTmp'
/usr/bin/cmake -E cmake_progress_report /home/duan/xface-new/QFace/CMakeFiles/CMakeTmp/CMakeFiles 1
Building CXX object CMakeFiles/cmTryCompileExec684533251.dir/CheckSymbolExists.cxx.o
/usr/lib64/ccache/c++     -o CMakeFiles/cmTryCompileExec684533251.dir/CheckSymbolExists.cxx.o -c /home/duan/xface-new/QFace/CMakeFiles/CMakeTmp/CheckSymbolExists.cxx
/home/duan/xface-new/QFace/CMakeFiles/CMakeTmp/CheckSymbolExists.cxx: In function ‘int main(int, char**)’:
/home/duan/xface-new/QFace/CMakeFiles/CMakeTmp/CheckSymbolExists.cxx:8:19: error: ‘Q_WS_MAC’ was not declared in this scope
   return ((int*)(&Q_WS_MAC))[argc];
                   ^
gmake[1]: *** [CMakeFiles/cmTryCompileExec684533251.dir/CheckSymbolExists.cxx.o] Error 1
gmake[1]: Leaving directory `/home/duan/xface-new/QFace/CMakeFiles/CMakeTmp'
gmake: *** [cmTryCompileExec684533251/fast] Error 2


Determining if the function dnet_ntoa exists in the dnet_stub failed with the following output:
Change Dir: /home/duan/xface-new/QFace/CMakeFiles/CMakeTmp

Run Build Command:/usr/bin/gmake "cmTryCompileExec684533251/fast"
/usr/bin/gmake -f CMakeFiles/cmTryCompileExec684533251.dir/build.make CMakeFiles/cmTryCompileExec684533251.dir/build
gmake[1]: Entering directory `/home/duan/xface-new/QFace/CMakeFiles/CMakeTmp'
/usr/bin/cmake -E cmake_progress_report /home/duan/xface-new/QFace/CMakeFiles/CMakeTmp/CMakeFiles 1
Building CXX object CMakeFiles/cmTryCompileExec684533251.dir/CheckSymbolExists.cxx.o
/usr/lib64/ccache/c++     -o CMakeFiles/cmTryCompileExec684533251.dir/CheckSymbolExists.cxx.o -c /home/duan/xface-new/QFace/CMakeFiles/CMakeTmp/CheckSymbolExists.cxx
/home/duan/xface-new/QFace/CMakeFiles/CMakeTmp/CheckSymbolExists.cxx: In function ‘int main(int, char**)’:
/home/duan/xface-new/QFace/CMakeFiles/CMakeTmp/CheckSymbolExists.cxx:8:19: error: ‘Q_WS_MAC’ was not declared in this scope
   return ((int*)(&Q_WS_MAC))[argc];
                   ^
gmake[1]: *** [CMakeFiles/cmTryCompileExec684533251.dir/CheckSymbolExists.cxx.o] Error 1
gmake[1]: Leaving directory `/home/duan/xface-new/QFace/CMakeFiles/CMakeTmp'
gmake: *** [cmTryCompileExec684533251/fast] Error 2


Determining if the function gethostbyname exists failed with the following output:
Change Dir: /home/duan/xface-new/QFace/CMakeFiles/CMakeTmp

Run Build Command:/usr/bin/gmake "cmTryCompileExec684533251/fast"
/usr/bin/gmake -f CMakeFiles/cmTryCompileExec684533251.dir/build.make CMakeFiles/cmTryCompileExec684533251.dir/build
gmake[1]: Entering directory `/home/duan/xface-new/QFace/CMakeFiles/CMakeTmp'
/usr/bin/cmake -E cmake_progress_report /home/duan/xface-new/QFace/CMakeFiles/CMakeTmp/CMakeFiles 1
Building CXX object CMakeFiles/cmTryCompileExec684533251.dir/CheckSymbolExists.cxx.o
/usr/lib64/ccache/c++     -o CMakeFiles/cmTryCompileExec684533251.dir/CheckSymbolExists.cxx.o -c /home/duan/xface-new/QFace/CMakeFiles/CMakeTmp/CheckSymbolExists.cxx
/home/duan/xface-new/QFace/CMakeFiles/CMakeTmp/CheckSymbolExists.cxx: In function ‘int main(int, char**)’:
/home/duan/xface-new/QFace/CMakeFiles/CMakeTmp/CheckSymbolExists.cxx:8:19: error: ‘Q_WS_MAC’ was not declared in this scope
   return ((int*)(&Q_WS_MAC))[argc];
                   ^
gmake[1]: *** [CMakeFiles/cmTryCompileExec684533251.dir/CheckSymbolExists.cxx.o] Error 1
gmake[1]: Leaving directory `/home/duan/xface-new/QFace/CMakeFiles/CMakeTmp'
gmake: *** [cmTryCompileExec684533251/fast] Error 2


Determining if the function gethostbyname exists in the nsl failed with the following output:
Change Dir: /home/duan/xface-new/QFace/CMakeFiles/CMakeTmp

Run Build Command:/usr/bin/gmake "cmTryCompileExec684533251/fast"
/usr/bin/gmake -f CMakeFiles/cmTryCompileExec684533251.dir/build.make CMakeFiles/cmTryCompileExec684533251.dir/build
gmake[1]: Entering directory `/home/duan/xface-new/QFace/CMakeFiles/CMakeTmp'
/usr/bin/cmake -E cmake_progress_report /home/duan/xface-new/QFace/CMakeFiles/CMakeTmp/CMakeFiles 1
Building CXX object CMakeFiles/cmTryCompileExec684533251.dir/CheckSymbolExists.cxx.o
/usr/lib64/ccache/c++     -o CMakeFiles/cmTryCompileExec684533251.dir/CheckSymbolExists.cxx.o -c /home/duan/xface-new/QFace/CMakeFiles/CMakeTmp/CheckSymbolExists.cxx
/home/duan/xface-new/QFace/CMakeFiles/CMakeTmp/CheckSymbolExists.cxx: In function ‘int main(int, char**)’:
/home/duan/xface-new/QFace/CMakeFiles/CMakeTmp/CheckSymbolExists.cxx:8:19: error: ‘Q_WS_MAC’ was not declared in this scope
   return ((int*)(&Q_WS_MAC))[argc];
                   ^
gmake[1]: *** [CMakeFiles/cmTryCompileExec684533251.dir/CheckSymbolExists.cxx.o] Error 1
gmake[1]: Leaving directory `/home/duan/xface-new/QFace/CMakeFiles/CMakeTmp'
gmake: *** [cmTryCompileExec684533251/fast] Error 2


Determining if the function gethostbyname exists in the bsd failed with the following output:
Change Dir: /home/duan/xface-new/QFace/CMakeFiles/CMakeTmp

Run Build Command:/usr/bin/gmake "cmTryCompileExec684533251/fast"
/usr/bin/gmake -f CMakeFiles/cmTryCompileExec684533251.dir/build.make CMakeFiles/cmTryCompileExec684533251.dir/build
gmake[1]: Entering directory `/home/duan/xface-new/QFace/CMakeFiles/CMakeTmp'
/usr/bin/cmake -E cmake_progress_report /home/duan/xface-new/QFace/CMakeFiles/CMakeTmp/CMakeFiles 1
Building CXX object CMakeFiles/cmTryCompileExec684533251.dir/CheckSymbolExists.cxx.o
/usr/lib64/ccache/c++     -o CMakeFiles/cmTryCompileExec684533251.dir/CheckSymbolExists.cxx.o -c /home/duan/xface-new/QFace/CMakeFiles/CMakeTmp/CheckSymbolExists.cxx
/home/duan/xface-new/QFace/CMakeFiles/CMakeTmp/CheckSymbolExists.cxx: In function ‘int main(int, char**)’:
/home/duan/xface-new/QFace/CMakeFiles/CMakeTmp/CheckSymbolExists.cxx:8:19: error: ‘Q_WS_MAC’ was not declared in this scope
   return ((int*)(&Q_WS_MAC))[argc];
                   ^
gmake[1]: *** [CMakeFiles/cmTryCompileExec684533251.dir/CheckSymbolExists.cxx.o] Error 1
gmake[1]: Leaving directory `/home/duan/xface-new/QFace/CMakeFiles/CMakeTmp'
gmake: *** [cmTryCompileExec684533251/fast] Error 2


Determining if the function connect exists failed with the following output:
Change Dir: /home/duan/xface-new/QFace/CMakeFiles/CMakeTmp

Run Build Command:/usr/bin/gmake "cmTryCompileExec684533251/fast"
/usr/bin/gmake -f CMakeFiles/cmTryCompileExec684533251.dir/build.make CMakeFiles/cmTryCompileExec684533251.dir/build
gmake[1]: Entering directory `/home/duan/xface-new/QFace/CMakeFiles/CMakeTmp'
/usr/bin/cmake -E cmake_progress_report /home/duan/xface-new/QFace/CMakeFiles/CMakeTmp/CMakeFiles 1
Building CXX object CMakeFiles/cmTryCompileExec684533251.dir/CheckSymbolExists.cxx.o
/usr/lib64/ccache/c++     -o CMakeFiles/cmTryCompileExec684533251.dir/CheckSymbolExists.cxx.o -c /home/duan/xface-new/QFace/CMakeFiles/CMakeTmp/CheckSymbolExists.cxx
/home/duan/xface-new/QFace/CMakeFiles/CMakeTmp/CheckSymbolExists.cxx: In function ‘int main(int, char**)’:
/home/duan/xface-new/QFace/CMakeFiles/CMakeTmp/CheckSymbolExists.cxx:8:19: error: ‘Q_WS_MAC’ was not declared in this scope
   return ((int*)(&Q_WS_MAC))[argc];
                   ^
gmake[1]: *** [CMakeFiles/cmTryCompileExec684533251.dir/CheckSymbolExists.cxx.o] Error 1
gmake[1]: Leaving directory `/home/duan/xface-new/QFace/CMakeFiles/CMakeTmp'
gmake: *** [cmTryCompileExec684533251/fast] Error 2


Determining if the function connect exists in the socket failed with the following output:
Change Dir: /home/duan/xface-new/QFace/CMakeFiles/CMakeTmp

Run Build Command:/usr/bin/gmake "cmTryCompileExec684533251/fast"
/usr/bin/gmake -f CMakeFiles/cmTryCompileExec684533251.dir/build.make CMakeFiles/cmTryCompileExec684533251.dir/build
gmake[1]: Entering directory `/home/duan/xface-new/QFace/CMakeFiles/CMakeTmp'
/usr/bin/cmake -E cmake_progress_report /home/duan/xface-new/QFace/CMakeFiles/CMakeTmp/CMakeFiles 1
Building CXX object CMakeFiles/cmTryCompileExec684533251.dir/CheckSymbolExists.cxx.o
/usr/lib64/ccache/c++     -o CMakeFiles/cmTryCompileExec684533251.dir/CheckSymbolExists.cxx.o -c /home/duan/xface-new/QFace/CMakeFiles/CMakeTmp/CheckSymbolExists.cxx
/home/duan/xface-new/QFace/CMakeFiles/CMakeTmp/CheckSymbolExists.cxx: In function ‘int main(int, char**)’:
/home/duan/xface-new/QFace/CMakeFiles/CMakeTmp/CheckSymbolExists.cxx:8:19: error: ‘Q_WS_MAC’ was not declared in this scope
   return ((int*)(&Q_WS_MAC))[argc];
                   ^
gmake[1]: *** [CMakeFiles/cmTryCompileExec684533251.dir/CheckSymbolExists.cxx.o] Error 1
gmake[1]: Leaving directory `/home/duan/xface-new/QFace/CMakeFiles/CMakeTmp'
gmake: *** [cmTryCompileExec684533251/fast] Error 2


Determining if the function remove exists failed with the following output:
Change Dir: /home/duan/xface-new/QFace/CMakeFiles/CMakeTmp

Run Build Command:/usr/bin/gmake "cmTryCompileExec684533251/fast"
/usr/bin/gmake -f CMakeFiles/cmTryCompileExec684533251.dir/build.make CMakeFiles/cmTryCompileExec684533251.dir/build
gmake[1]: Entering directory `/home/duan/xface-new/QFace/CMakeFiles/CMakeTmp'
/usr/bin/cmake -E cmake_progress_report /home/duan/xface-new/QFace/CMakeFiles/CMakeTmp/CMakeFiles 1
Building CXX object CMakeFiles/cmTryCompileExec684533251.dir/CheckSymbolExists.cxx.o
/usr/lib64/ccache/c++     -o CMakeFiles/cmTryCompileExec684533251.dir/CheckSymbolExists.cxx.o -c /home/duan/xface-new/QFace/CMakeFiles/CMakeTmp/CheckSymbolExists.cxx
/home/duan/xface-new/QFace/CMakeFiles/CMakeTmp/CheckSymbolExists.cxx: In function ‘int main(int, char**)’:
/home/duan/xface-new/QFace/CMakeFiles/CMakeTmp/CheckSymbolExists.cxx:8:19: error: ‘Q_WS_MAC’ was not declared in this scope
   return ((int*)(&Q_WS_MAC))[argc];
                   ^
gmake[1]: *** [CMakeFiles/cmTryCompileExec684533251.dir/CheckSymbolExists.cxx.o] Error 1
gmake[1]: Leaving directory `/home/duan/xface-new/QFace/CMakeFiles/CMakeTmp'
gmake: *** [cmTryCompileExec684533251/fast] Error 2


Determining if the function remove exists in the posix failed with the following output:
Change Dir: /home/duan/xface-new/QFace/CMakeFiles/CMakeTmp

Run Build Command:/usr/bin/gmake "cmTryCompileExec684533251/fast"
/usr/bin/gmake -f CMakeFiles/cmTryCompileExec684533251.dir/build.make CMakeFiles/cmTryCompileExec684533251.dir/build
gmake[1]: Entering directory `/home/duan/xface-new/QFace/CMakeFiles/CMakeTmp'
/usr/bin/cmake -E cmake_progress_report /home/duan/xface-new/QFace/CMakeFiles/CMakeTmp/CMakeFiles 1
Building CXX object CMakeFiles/cmTryCompileExec684533251.dir/CheckSymbolExists.cxx.o
/usr/lib64/ccache/c++     -o CMakeFiles/cmTryCompileExec684533251.dir/CheckSymbolExists.cxx.o -c /home/duan/xface-new/QFace/CMakeFiles/CMakeTmp/CheckSymbolExists.cxx
/home/duan/xface-new/QFace/CMakeFiles/CMakeTmp/CheckSymbolExists.cxx: In function ‘int main(int, char**)’:
/home/duan/xface-new/QFace/CMakeFiles/CMakeTmp/CheckSymbolExists.cxx:8:19: error: ‘Q_WS_MAC’ was not declared in this scope
   return ((int*)(&Q_WS_MAC))[argc];
                   ^
gmake[1]: *** [CMakeFiles/cmTryCompileExec684533251.dir/CheckSymbolExists.cxx.o] Error 1
gmake[1]: Leaving directory `/home/duan/xface-new/QFace/CMakeFiles/CMakeTmp'
gmake: *** [cmTryCompileExec684533251/fast] Error 2


Determining if the function shmat exists failed with the following output:
Change Dir: /home/duan/xface-new/QFace/CMakeFiles/CMakeTmp

Run Build Command:/usr/bin/gmake "cmTryCompileExec684533251/fast"
/usr/bin/gmake -f CMakeFiles/cmTryCompileExec684533251.dir/build.make CMakeFiles/cmTryCompileExec684533251.dir/build
gmake[1]: Entering directory `/home/duan/xface-new/QFace/CMakeFiles/CMakeTmp'
/usr/bin/cmake -E cmake_progress_report /home/duan/xface-new/QFace/CMakeFiles/CMakeTmp/CMakeFiles 1
Building CXX object CMakeFiles/cmTryCompileExec684533251.dir/CheckSymbolExists.cxx.o
/usr/lib64/ccache/c++     -o CMakeFiles/cmTryCompileExec684533251.dir/CheckSymbolExists.cxx.o -c /home/duan/xface-new/QFace/CMakeFiles/CMakeTmp/CheckSymbolExists.cxx
/home/duan/xface-new/QFace/CMakeFiles/CMakeTmp/CheckSymbolExists.cxx: In function ‘int main(int, char**)’:
/home/duan/xface-new/QFace/CMakeFiles/CMakeTmp/CheckSymbolExists.cxx:8:19: error: ‘Q_WS_MAC’ was not declared in this scope
   return ((int*)(&Q_WS_MAC))[argc];
                   ^
gmake[1]: *** [CMakeFiles/cmTryCompileExec684533251.dir/CheckSymbolExists.cxx.o] Error 1
gmake[1]: Leaving directory `/home/duan/xface-new/QFace/CMakeFiles/CMakeTmp'
gmake: *** [cmTryCompileExec684533251/fast] Error 2


Determining if the function shmat exists in the ipc failed with the following output:
Change Dir: /home/duan/xface-new/QFace/CMakeFiles/CMakeTmp

Run Build Command:/usr/bin/gmake "cmTryCompileExec684533251/fast"
/usr/bin/gmake -f CMakeFiles/cmTryCompileExec684533251.dir/build.make CMakeFiles/cmTryCompileExec684533251.dir/build
gmake[1]: Entering directory `/home/duan/xface-new/QFace/CMakeFiles/CMakeTmp'
/usr/bin/cmake -E cmake_progress_report /home/duan/xface-new/QFace/CMakeFiles/CMakeTmp/CMakeFiles 1
Building CXX object CMakeFiles/cmTryCompileExec684533251.dir/CheckSymbolExists.cxx.o
/usr/lib64/ccache/c++     -o CMakeFiles/cmTryCompileExec684533251.dir/CheckSymbolExists.cxx.o -c /home/duan/xface-new/QFace/CMakeFiles/CMakeTmp/CheckSymbolExists.cxx
/home/duan/xface-new/QFace/CMakeFiles/CMakeTmp/CheckSymbolExists.cxx: In function ‘int main(int, char**)’:
/home/duan/xface-new/QFace/CMakeFiles/CMakeTmp/CheckSymbolExists.cxx:8:19: error: ‘Q_WS_MAC’ was not declared in this scope
   return ((int*)(&Q_WS_MAC))[argc];
                   ^
gmake[1]: *** [CMakeFiles/cmTryCompileExec684533251.dir/CheckSymbolExists.cxx.o] Error 1
gmake[1]: Leaving directory `/home/duan/xface-new/QFace/CMakeFiles/CMakeTmp'
gmake: *** [cmTryCompileExec684533251/fast] Error 2


Determining if the function IceConnectionNumber exists in the ICE failed with the following output:
Change Dir: /home/duan/xface-new/QFace/CMakeFiles/CMakeTmp

Run Build Command:/usr/bin/gmake "cmTryCompileExec684533251/fast"
/usr/bin/gmake -f CMakeFiles/cmTryCompileExec684533251.dir/build.make CMakeFiles/cmTryCompileExec684533251.dir/build
gmake[1]: Entering directory `/home/duan/xface-new/QFace/CMakeFiles/CMakeTmp'
/usr/bin/cmake -E cmake_progress_report /home/duan/xface-new/QFace/CMakeFiles/CMakeTmp/CMakeFiles 1
Building CXX object CMakeFiles/cmTryCompileExec684533251.dir/CheckSymbolExists.cxx.o
/usr/lib64/ccache/c++     -o CMakeFiles/cmTryCompileExec684533251.dir/CheckSymbolExists.cxx.o -c /home/duan/xface-new/QFace/CMakeFiles/CMakeTmp/CheckSymbolExists.cxx
/home/duan/xface-new/QFace/CMakeFiles/CMakeTmp/CheckSymbolExists.cxx: In function ‘int main(int, char**)’:
/home/duan/xface-new/QFace/CMakeFiles/CMakeTmp/CheckSymbolExists.cxx:8:19: error: ‘Q_WS_MAC’ was not declared in this scope
   return ((int*)(&Q_WS_MAC))[argc];
                   ^
gmake[1]: *** [CMakeFiles/cmTryCompileExec684533251.dir/CheckSymbolExists.cxx.o] Error 1
gmake[1]: Leaving directory `/home/duan/xface-new/QFace/CMakeFiles/CMakeTmp'
gmake: *** [cmTryCompileExec684533251/fast] Error 2


